
--- Module:   C:\snapshot\FD-SW\target\appl\fdev\src\appl_alert.c (C)

--- Module:   C:\snapshot\FD-SW\target\appl\fdev\src\app_mode.c (C)

--- Module:   C:\snapshot\FD-SW\target\appl\fdev\src\controller_pid.c (C)

--- Module:   C:\snapshot\FD-SW\target\appl\fdev\src\ctrl_param_set.c (C)

--- Module:   C:\snapshot\FD-SW\target\appl\fdev\src\eep_blk2.c (C)

--- Module:   C:\snapshot\FD-SW\target\appl\fdev\src\failed_state.c (C)

--- Module:   C:\snapshot\FD-SW\target\appl\fdev\src\histogram.c (C)

--- Module:   C:\snapshot\FD-SW\target\appl\fdev\src\lui_ipc_variables.c (C)
                   _
        f32_temp = log10f(n);
C:\snapshot\FD-SW\target\appl\fdev\src\lui_ipc_variables.c  252  Info 718:
    Symbol 'log10f' of type 'void' undeclared, assumed to return int [MISRA
    2004 Rule 8.1]
C:\snapshot\FD-SW\target\appl\fdev\src\lui_ipc_variables.c  252  Info 746: call
    to function 'log10f()' of type 'int ()' not made in the presence of a
    prototype [MISRA 2004 Rule 8.1]
C:\snapshot\FD-SW\target\appl\fdev\src\lui_ipc_variables.c  252  Note 919:
    Implicit conversion (assignment) (int to float) [Misra 2004 Rules 10.1,
    10.2]
                                 _
                    digit = (s32)floorf(n / weight);
C:\snapshot\FD-SW\target\appl\fdev\src\lui_ipc_variables.c  300  Info 718:
    Symbol 'floorf' of type 'void' undeclared, assumed to return int [MISRA
    2004 Rule 8.1]
C:\snapshot\FD-SW\target\appl\fdev\src\lui_ipc_variables.c  300  Info 746: call
    to function 'floorf()' of type 'int ()' not made in the presence of a
    prototype [MISRA 2004 Rule 8.1]

--- Module:   C:\snapshot\FD-SW\target\appl\fdev\src\mcu.c (C)
           _
  #include "..\..\STM32F10x_StdPeriph_Driver\inc\stm32f10x_gpio.h"
..\FD-SW\target\appl\fdev\inc\mcu.h  43  Note 961: Violates MISRA 2004 Advisory
    Rule 19.2, header file name with non-standard character: '\'' 
..\FD-SW\target\appl\fdev\inc\mcu.h  43  Note 961: Violates MISRA 2004 Advisory
    Rule 19.2, header file name with non-standard character: '\'' 
..\FD-SW\target\appl\fdev\inc\mcu.h  43  Note 961: Violates MISRA 2004 Advisory
    Rule 19.2, header file name with non-standard character: '\'' 
..\FD-SW\target\appl\fdev\inc\mcu.h  43  Note 961: Violates MISRA 2004 Advisory
    Rule 19.2, header file name with non-standard character: '\'' 
                                               _
#define GPIO_Remap_TIM15            ((uint32_t)0x80000001)  /*!< TIM15 Alternate Function mapping (only for Value line devices) */
..\FD-SW\target\inc\ff\..\..\STM32F10x_StdPeriph_Driver\inc\stm32f10x_gpio.h 
    205  Note 960: Violates MISRA 2004 Required Rule 10.6, Unsigned integer
    literals require a 'U' suffix
                                               _
#define GPIO_Remap_TIM16            ((uint32_t)0x80000002)  /*!< TIM16 Alternate Function mapping (only for Value line devices) */
..\FD-SW\target\inc\ff\..\..\STM32F10x_StdPeriph_Driver\inc\stm32f10x_gpio.h 
    206  Note 960: Violates MISRA 2004 Required Rule 10.6, Unsigned integer
    literals require a 'U' suffix
                                               _
#define GPIO_Remap_TIM17            ((uint32_t)0x80000004)  /*!< TIM17 Alternate Function mapping (only for Value line devices) */
..\FD-SW\target\inc\ff\..\..\STM32F10x_StdPeriph_Driver\inc\stm32f10x_gpio.h 
    207  Note 960: Violates MISRA 2004 Required Rule 10.6, Unsigned integer
    literals require a 'U' suffix
                                               _
#define GPIO_Remap_CEC              ((uint32_t)0x80000008)  /*!< CEC Alternate Function mapping (only for Value line devices) */
..\FD-SW\target\inc\ff\..\..\STM32F10x_StdPeriph_Driver\inc\stm32f10x_gpio.h 
    208  Note 960: Violates MISRA 2004 Required Rule 10.6, Unsigned integer
    literals require a 'U' suffix
                                               _
#define GPIO_Remap_TIM1_DMA         ((uint32_t)0x80000010)  /*!< TIM1 DMA requests mapping (only for Value line devices) */
..\FD-SW\target\inc\ff\..\..\STM32F10x_StdPeriph_Driver\inc\stm32f10x_gpio.h 
    209  Note 960: Violates MISRA 2004 Required Rule 10.6, Unsigned integer
    literals require a 'U' suffix
                                               _
#define GPIO_Remap_TIM9             ((uint32_t)0x80000020)  /*!< TIM9 Alternate Function mapping (only for XL-density devices) */
..\FD-SW\target\inc\ff\..\..\STM32F10x_StdPeriph_Driver\inc\stm32f10x_gpio.h 
    211  Note 960: Violates MISRA 2004 Required Rule 10.6, Unsigned integer
    literals require a 'U' suffix
                                               _
#define GPIO_Remap_TIM10            ((uint32_t)0x80000040)  /*!< TIM10 Alternate Function mapping (only for XL-density devices) */
..\FD-SW\target\inc\ff\..\..\STM32F10x_StdPeriph_Driver\inc\stm32f10x_gpio.h 
    212  Note 960: Violates MISRA 2004 Required Rule 10.6, Unsigned integer
    literals require a 'U' suffix
                                               _
#define GPIO_Remap_TIM11            ((uint32_t)0x80000080)  /*!< TIM11 Alternate Function mapping (only for XL-density devices) */
..\FD-SW\target\inc\ff\..\..\STM32F10x_StdPeriph_Driver\inc\stm32f10x_gpio.h 
    213  Note 960: Violates MISRA 2004 Required Rule 10.6, Unsigned integer
    literals require a 'U' suffix
                                               _
#define GPIO_Remap_TIM13            ((uint32_t)0x80000100)  /*!< TIM13 Alternate Function mapping (only for High density Value line and XL-density devices) */
..\FD-SW\target\inc\ff\..\..\STM32F10x_StdPeriph_Driver\inc\stm32f10x_gpio.h 
    214  Note 960: Violates MISRA 2004 Required Rule 10.6, Unsigned integer
    literals require a 'U' suffix
                                               _
#define GPIO_Remap_TIM14            ((uint32_t)0x80000200)  /*!< TIM14 Alternate Function mapping (only for High density Value line and XL-density devices) */
..\FD-SW\target\inc\ff\..\..\STM32F10x_StdPeriph_Driver\inc\stm32f10x_gpio.h 
    215  Note 960: Violates MISRA 2004 Required Rule 10.6, Unsigned integer
    literals require a 'U' suffix
                                               _
#define GPIO_Remap_FSMC_NADV        ((uint32_t)0x80000400)  /*!< FSMC_NADV Alternate Function mapping (only for High density Value line and XL-density devices) */
..\FD-SW\target\inc\ff\..\..\STM32F10x_StdPeriph_Driver\inc\stm32f10x_gpio.h 
    216  Note 960: Violates MISRA 2004 Required Rule 10.6, Unsigned integer
    literals require a 'U' suffix
                                               _
#define GPIO_Remap_TIM67_DAC_DMA    ((uint32_t)0x80000800)  /*!< TIM6/TIM7 and DAC DMA requests remapping (only for High density Value line devices) */
..\FD-SW\target\inc\ff\..\..\STM32F10x_StdPeriph_Driver\inc\stm32f10x_gpio.h 
    218  Note 960: Violates MISRA 2004 Required Rule 10.6, Unsigned integer
    literals require a 'U' suffix
                                               _
#define GPIO_Remap_TIM12            ((uint32_t)0x80001000)  /*!< TIM12 Alternate Function mapping (only for High density Value line devices) */
..\FD-SW\target\inc\ff\..\..\STM32F10x_StdPeriph_Driver\inc\stm32f10x_gpio.h 
    219  Note 960: Violates MISRA 2004 Required Rule 10.6, Unsigned integer
    literals require a 'U' suffix
                                               _
#define GPIO_Remap_MISC             ((uint32_t)0x80002000)  /*!< Miscellaneous Remap (DMA2 Channel5 Position and DAC Trigger remapping, 
..\FD-SW\target\inc\ff\..\..\STM32F10x_StdPeriph_Driver\inc\stm32f10x_gpio.h 
    220  Note 960: Violates MISRA 2004 Required Rule 10.6, Unsigned integer
    literals require a 'U' suffix
                                                _
                        (c==0x0d))?(TRUE):(FALSE)
..\FD-SW\target\appl\fdev\inc\mcu.h  68  Info 773: Expression-like macro
    'ISASCII' of type 'void' not parenthesized [MISRA 2004 Rule 19.10]
             _
  GPIO_Init( GPIOE, &GPIO_InitStructure);
C:\snapshot\FD-SW\target\appl\fdev\src\mcu.c  83  Note 923: cast from unsigned
    int to pointer [MISRA 2004 Rule 11.3]

--- Module:   C:\snapshot\FD-SW\target\appl\fdev\src\mnassert_stub.c (C)

--- Module:   C:\snapshot\FD-SW\target\appl\fdev\src\mncharactff.c (C)

--- Module:   C:\snapshot\FD-SW\target\appl\fdev\src\mnctllimff.c (C)

--- Module:   C:\snapshot\FD-SW\target\appl\fdev\src\mndiagprocff.c (C)

--- Module:   C:\snapshot\FD-SW\target\appl\fdev\src\mndoswff.c (C)

--- Module:   C:\snapshot\FD-SW\target\appl\fdev\src\mnfaultsimport.c (C)

--- Module:   C:\snapshot\FD-SW\target\appl\fdev\src\mnfindstopsff.c (C)

--- Module:   C:\snapshot\FD-SW\target\appl\fdev\src\mnhart2ff.c (C)

--- Module:   C:\snapshot\FD-SW\target\appl\fdev\src\mnmanspff.c (C)

--- Module:   C:\snapshot\FD-SW\target\appl\fdev\src\mnptberrors.c (C)

--- Module:   C:\snapshot\FD-SW\target\appl\fdev\src\mnptbexec.c (C)

--- Module:   C:\snapshot\FD-SW\target\appl\fdev\src\mn_actuator_3.c (C)

--- Module:   C:\snapshot\FD-SW\target\appl\fdev\src\mn_clear_status.c (C)

--- Module:   C:\snapshot\FD-SW\target\appl\fdev\src\mn_cycle_counter_alert.c
    (C)

--- Module:   C:\snapshot\FD-SW\target\appl\fdev\src\mn_grant_deny.c (C)

--- Module:   C:\snapshot\FD-SW\target\appl\fdev\src\mn_near_closed_alert.c (C)

--- Module:   C:\snapshot\FD-SW\target\appl\fdev\src\mn_pressure_calibration.c
    (C)

--- Module:   C:\snapshot\FD-SW\target\appl\fdev\src\mn_travel_accumulation.c
    (C)

--- Module:   C:\snapshot\FD-SW\target\appl\fdev\src\mn_travel_units.c (C)

--- Module:   C:\snapshot\FD-SW\target\appl\fdev\src\mn_trends.c (C)

--- Module:   C:\snapshot\FD-SW\target\appl\fdev\src\mn_working_times.c (C)

--- Module:   C:\snapshot\FD-SW\target\appl\fdev\src\mn_working_time_alert.c
    (C)

--- Module:   C:\snapshot\FD-SW\target\appl\fdev\src\pressure_range.c (C)

--- Module:   C:\snapshot\FD-SW\target\appl\fdev\src\ui_language.c (C)

--- Module:   C:\snapshot\FD-SW\target\appl\ffbl\src\ffbl_cs.c (C)
            _
    USIGN32 max;
..\FD-SW\target\appl\ffbl\inc\timemeas.h  9  Error 123: Macro 'max' of type
    'void' defined with arguments at line 133, file ..\FD-SW\target\inc\base.h
    -- this is just a warning
..\FD-SW\target\inc\base.h  133  Info 830: Location cited in prior message
  _
  }
..\FD-SW\target\appl\ffbl\inc\timemeas.h  18  Warning 659: Nothing follows '}'
    on line terminating struct/union/enum definition
                                           _
#define GET_TIMESPAN(endtime, starttime) (##endtime .low > ##starttime .low) ? ##endtime .low - ##starttime .low : 0
..\FD-SW\target\appl\ffbl\inc\timemeas.h  41  Note 961: Violates MISRA 2004
    Advisory Rule 19.13, '#/##' operator used in macro: 'GET_TIMESPAN' 
..\FD-SW\target\appl\ffbl\inc\timemeas.h  41  Note 960: Violates MISRA 2004
    Required Rule 19.12, Multiple use of '#/##' operators in definition of
    macro: 'GET_TIMESPAN' 
..\FD-SW\target\appl\ffbl\inc\timemeas.h  41  Note 961: Violates MISRA 2004
    Advisory Rule 19.13, '#/##' operator used in macro: 'GET_TIMESPAN' 
..\FD-SW\target\appl\ffbl\inc\timemeas.h  41  Note 960: Violates MISRA 2004
    Required Rule 19.12, Multiple use of '#/##' operators in definition of
    macro: 'GET_TIMESPAN' 
..\FD-SW\target\appl\ffbl\inc\timemeas.h  41  Note 961: Violates MISRA 2004
    Advisory Rule 19.13, '#/##' operator used in macro: 'GET_TIMESPAN' 
..\FD-SW\target\appl\ffbl\inc\timemeas.h  41  Note 960: Violates MISRA 2004
    Required Rule 19.12, Multiple use of '#/##' operators in definition of
    macro: 'GET_TIMESPAN' 
..\FD-SW\target\appl\ffbl\inc\timemeas.h  41  Note 961: Violates MISRA 2004
    Advisory Rule 19.13, '#/##' operator used in macro: 'GET_TIMESPAN' 
..\FD-SW\target\appl\ffbl\inc\timemeas.h  41  Info 773: Expression-like macro
    'GET_TIMESPAN' of type 'void' not parenthesized [MISRA 2004 Rule 19.10]
             _
    P_XFB-> ##areaname .current = GET_TIMESPAN(phase_end_time, phase_start_time); \
..\FD-SW\target\appl\ffbl\inc\timemeas.h  66  Note 961: Violates MISRA 2004
    Advisory Rule 19.13, '#/##' operator used in macro: 'PHASE_END' 
             _
    P_XFB-> ##areaname .counter++; \
..\FD-SW\target\appl\ffbl\inc\timemeas.h  67  Note 960: Violates MISRA 2004
    Required Rule 19.12, Multiple use of '#/##' operators in definition of
    macro: 'PHASE_END' 
..\FD-SW\target\appl\ffbl\inc\timemeas.h  67  Note 961: Violates MISRA 2004
    Advisory Rule 19.13, '#/##' operator used in macro: 'PHASE_END' 
                 _
    if (P_XFB-> ##areaname .current > P_XFB-> ##areaname .max) \
..\FD-SW\target\appl\ffbl\inc\timemeas.h  68  Note 960: Violates MISRA 2004
    Required Rule 19.12, Multiple use of '#/##' operators in definition of
    macro: 'PHASE_END' 
..\FD-SW\target\appl\ffbl\inc\timemeas.h  68  Note 961: Violates MISRA 2004
    Advisory Rule 19.13, '#/##' operator used in macro: 'PHASE_END' 
..\FD-SW\target\appl\ffbl\inc\timemeas.h  68  Note 960: Violates MISRA 2004
    Required Rule 19.12, Multiple use of '#/##' operators in definition of
    macro: 'PHASE_END' 
..\FD-SW\target\appl\ffbl\inc\timemeas.h  68  Note 961: Violates MISRA 2004
    Advisory Rule 19.13, '#/##' operator used in macro: 'PHASE_END' 
                 _
        P_XFB-> ##areaname .max = P_XFB-> ##areaname .current; \
..\FD-SW\target\appl\ffbl\inc\timemeas.h  70  Note 960: Violates MISRA 2004
    Required Rule 19.12, Multiple use of '#/##' operators in definition of
    macro: 'PHASE_END' 
..\FD-SW\target\appl\ffbl\inc\timemeas.h  70  Note 961: Violates MISRA 2004
    Advisory Rule 19.13, '#/##' operator used in macro: 'PHASE_END' 
..\FD-SW\target\appl\ffbl\inc\timemeas.h  70  Note 960: Violates MISRA 2004
    Required Rule 19.12, Multiple use of '#/##' operators in definition of
    macro: 'PHASE_END' 
..\FD-SW\target\appl\ffbl\inc\timemeas.h  70  Note 961: Violates MISRA 2004
    Advisory Rule 19.13, '#/##' operator used in macro: 'PHASE_END' 
                 _
        P_XFB-> ##areaname .max_cycle = P_XFB->cycle_counter; \
..\FD-SW\target\appl\ffbl\inc\timemeas.h  71  Note 960: Violates MISRA 2004
    Required Rule 19.12, Multiple use of '#/##' operators in definition of
    macro: 'PHASE_END' 
..\FD-SW\target\appl\ffbl\inc\timemeas.h  71  Note 961: Violates MISRA 2004
    Advisory Rule 19.13, '#/##' operator used in macro: 'PHASE_END' 
               _
  if (P_XFB-> ##areaname .current < ZONE1) P_XFB-> ##areaname .zone1++; \
..\FD-SW\target\appl\ffbl\inc\timemeas.h  73  Note 960: Violates MISRA 2004
    Required Rule 19.12, Multiple use of '#/##' operators in definition of
    macro: 'PHASE_END' 
..\FD-SW\target\appl\ffbl\inc\timemeas.h  73  Note 961: Violates MISRA 2004
    Advisory Rule 19.13, '#/##' operator used in macro: 'PHASE_END' 
..\FD-SW\target\appl\ffbl\inc\timemeas.h  73  Note 960: Violates MISRA 2004
    Required Rule 19.12, Multiple use of '#/##' operators in definition of
    macro: 'PHASE_END' 
..\FD-SW\target\appl\ffbl\inc\timemeas.h  73  Note 961: Violates MISRA 2004
    Advisory Rule 19.13, '#/##' operator used in macro: 'PHASE_END' 
                    _
  else if (P_XFB-> ##areaname .current < ZONE2) P_XFB-> ##areaname .zone2++; \
..\FD-SW\target\appl\ffbl\inc\timemeas.h  74  Note 960: Violates MISRA 2004
    Required Rule 19.12, Multiple use of '#/##' operators in definition of
    macro: 'PHASE_END' 
..\FD-SW\target\appl\ffbl\inc\timemeas.h  74  Note 961: Violates MISRA 2004
    Advisory Rule 19.13, '#/##' operator used in macro: 'PHASE_END' 
..\FD-SW\target\appl\ffbl\inc\timemeas.h  74  Note 960: Violates MISRA 2004
    Required Rule 19.12, Multiple use of '#/##' operators in definition of
    macro: 'PHASE_END' 
..\FD-SW\target\appl\ffbl\inc\timemeas.h  74  Note 961: Violates MISRA 2004
    Advisory Rule 19.13, '#/##' operator used in macro: 'PHASE_END' 
                    _
  else if (P_XFB-> ##areaname .current < ZONE3) P_XFB-> ##areaname .zone3++; \
..\FD-SW\target\appl\ffbl\inc\timemeas.h  75  Note 960: Violates MISRA 2004
    Required Rule 19.12, Multiple use of '#/##' operators in definition of
    macro: 'PHASE_END' 
..\FD-SW\target\appl\ffbl\inc\timemeas.h  75  Note 961: Violates MISRA 2004
    Advisory Rule 19.13, '#/##' operator used in macro: 'PHASE_END' 
..\FD-SW\target\appl\ffbl\inc\timemeas.h  75  Note 960: Violates MISRA 2004
    Required Rule 19.12, Multiple use of '#/##' operators in definition of
    macro: 'PHASE_END' 
..\FD-SW\target\appl\ffbl\inc\timemeas.h  75  Note 961: Violates MISRA 2004
    Advisory Rule 19.13, '#/##' operator used in macro: 'PHASE_END' 
                    _
  else if (P_XFB-> ##areaname .current < ZONE4) P_XFB-> ##areaname .zone4++; \
..\FD-SW\target\appl\ffbl\inc\timemeas.h  76  Note 960: Violates MISRA 2004
    Required Rule 19.12, Multiple use of '#/##' operators in definition of
    macro: 'PHASE_END' 
..\FD-SW\target\appl\ffbl\inc\timemeas.h  76  Note 961: Violates MISRA 2004
    Advisory Rule 19.13, '#/##' operator used in macro: 'PHASE_END' 
..\FD-SW\target\appl\ffbl\inc\timemeas.h  76  Note 960: Violates MISRA 2004
    Required Rule 19.12, Multiple use of '#/##' operators in definition of
    macro: 'PHASE_END' 
..\FD-SW\target\appl\ffbl\inc\timemeas.h  76  Note 961: Violates MISRA 2004
    Advisory Rule 19.13, '#/##' operator used in macro: 'PHASE_END' 
                    _
  else if (P_XFB-> ##areaname .current < ZONE5) P_XFB-> ##areaname .zone5++; \
..\FD-SW\target\appl\ffbl\inc\timemeas.h  77  Note 960: Violates MISRA 2004
    Required Rule 19.12, Multiple use of '#/##' operators in definition of
    macro: 'PHASE_END' 
..\FD-SW\target\appl\ffbl\inc\timemeas.h  77  Note 961: Violates MISRA 2004
    Advisory Rule 19.13, '#/##' operator used in macro: 'PHASE_END' 
..\FD-SW\target\appl\ffbl\inc\timemeas.h  77  Note 960: Violates MISRA 2004
    Required Rule 19.12, Multiple use of '#/##' operators in definition of
    macro: 'PHASE_END' 
..\FD-SW\target\appl\ffbl\inc\timemeas.h  77  Note 961: Violates MISRA 2004
    Advisory Rule 19.13, '#/##' operator used in macro: 'PHASE_END' 
                    _
  else if (P_XFB-> ##areaname .current < ZONE6) P_XFB-> ##areaname .zone6++; \
..\FD-SW\target\appl\ffbl\inc\timemeas.h  78  Note 960: Violates MISRA 2004
    Required Rule 19.12, Multiple use of '#/##' operators in definition of
    macro: 'PHASE_END' 
..\FD-SW\target\appl\ffbl\inc\timemeas.h  78  Note 961: Violates MISRA 2004
    Advisory Rule 19.13, '#/##' operator used in macro: 'PHASE_END' 
..\FD-SW\target\appl\ffbl\inc\timemeas.h  78  Note 960: Violates MISRA 2004
    Required Rule 19.12, Multiple use of '#/##' operators in definition of
    macro: 'PHASE_END' 
..\FD-SW\target\appl\ffbl\inc\timemeas.h  78  Note 961: Violates MISRA 2004
    Advisory Rule 19.13, '#/##' operator used in macro: 'PHASE_END' 
                _
  else P_XFB-> ##areaname .zone7++; \
..\FD-SW\target\appl\ffbl\inc\timemeas.h  79  Note 960: Violates MISRA 2004
    Required Rule 19.12, Multiple use of '#/##' operators in definition of
    macro: 'PHASE_END' 
..\FD-SW\target\appl\ffbl\inc\timemeas.h  79  Note 961: Violates MISRA 2004
    Advisory Rule 19.13, '#/##' operator used in macro: 'PHASE_END' 
                                                        _
//     memcpy(P_XFB-> ##areaname .area, val, strlen(val)); \
..\FD-SW\target\appl\ffbl\inc\timemeas.h  81  Warning 427: // comment
    terminates in \
 _
#endif

..\FD-SW\target\appl\ffbl\inc\timemeas.h  102  Info 783: Line does not end with
    new-line
_
}
..\FD-SW\target\appl\ffbl\inc\ffbl_cs.h  107  Warning 659: Nothing follows '}'
    on line terminating struct/union/enum definition
_
}
..\FD-SW\target\appl\ffbl\inc\ffbl_cs.h  117  Warning 659: Nothing follows '}'
    on line terminating struct/union/enum definition
                                                        _
#define CS_STATUS_OPTS  STATUS_OPT_USE_UNCERT_AS_GOOD | STATUS_OPT_IFS_IF_BAD_IN
..\FD-SW\target\appl\ffbl\inc\ffbl_cs.h  122  Info 773: Expression-like macro
    'CS_STATUS_OPTS' of type 'void' not parenthesized [MISRA 2004 Rule 19.10]
                                                 _
  FUNCTION LOCAL VOID Check_config_CSFB (T_CSFB *);
C:\snapshot\FD-SW\target\appl\ffbl\src\ffbl_cs.c  46  Note 960: Violates MISRA
    2004 Required Rule 16.3, all parameters shall have identifiers
_
{
C:\snapshot\FD-SW\target\appl\ffbl\src\ffbl_cs.c  73  Note 957: Function
    'Start_CSFB(struct _T_FBIF_BLOCK_INSTANCE *)' of type 'void (struct
    _T_FBIF_BLOCK_INSTANCE *)' defined without a prototype in scope [MISRA 2004
    Rule 8.1]
_
{
C:\snapshot\FD-SW\target\appl\ffbl\src\ffbl_cs.c  116  Note 957: Function
    'Stop_CSFB(struct _T_FBIF_BLOCK_INSTANCE *)' of type 'void (struct
    _T_FBIF_BLOCK_INSTANCE *)' defined without a prototype in scope [MISRA 2004
    Rule 8.1]
                                          _
  if (p_csfb->mode_blk.actual == MODE_OS) return;
C:\snapshot\FD-SW\target\appl\ffbl\src\ffbl_cs.c  128  Note 960: Violates MISRA
    2004 Required Rule 14.9, left brace expected for if and else
_
}
C:\snapshot\FD-SW\target\appl\ffbl\src\ffbl_cs.c  155  Info 818: Pointer
    parameter 'p_block_instance' of type 'struct _T_FBIF_BLOCK_INSTANCE *'
    (line 110) could be declared as pointing to const [MISRA 2004 Rule 16.7]
C:\snapshot\FD-SW\target\appl\ffbl\src\ffbl_cs.c  110  Info 830: Location cited
    in prior message
_
{
C:\snapshot\FD-SW\target\appl\ffbl\src\ffbl_cs.c  170  Note 957: Function
    'Read_handler_CSFB(struct _T_FBIF_BLOCK_INSTANCE *, struct
    _T_FBIF_READ_DATA *)' of type 'unsigned short (struct _T_FBIF_BLOCK_INSTANCE
    *, struct _T_FBIF_READ_DATA *)' defined without a prototype in scope [MISRA
    2004 Rule 8.1]
_
{
C:\snapshot\FD-SW\target\appl\ffbl\src\ffbl_cs.c  198  Note 957: Function
    'Write_handler_CSFB(struct _T_FBIF_BLOCK_INSTANCE *, struct
    _T_FBIF_WRITE_DATA *)' of type 'unsigned short (struct _T_FBIF_BLOCK_INSTANCE
    *, struct _T_FBIF_WRITE_DATA *)' defined without a prototype in scope
    [MISRA 2004 Rule 8.1]
                        _
      if (*source == 0) result = E_FB_PARA_CHECK;
C:\snapshot\FD-SW\target\appl\ffbl\src\ffbl_cs.c  221  Note 960: Violates MISRA
    2004 Required Rule 14.9, left brace expected for if and else
                _
               );
C:\snapshot\FD-SW\target\appl\ffbl\src\ffbl_cs.c  233  Info 734: Loss of
    precision (assignment) (16 bits to 4 bits)
                                                      _
      if (MODE_LOWER_THAN_MAN (p_csfb->mode_blk.target))
C:\snapshot\FD-SW\target\appl\ffbl\src\ffbl_cs.c  239  Warning 640: Expected
    strong type 'bool_t' in Boolean context
           _
           return (E_FB_WRONG_MODE);
C:\snapshot\FD-SW\target\appl\ffbl\src\ffbl_cs.c  240  Note 960: Violates MISRA
    2004 Required Rule 14.9, left brace expected for if and else
                                              _
      if (MODE_NOT_OS (p_csfb->mode_blk.target))
C:\snapshot\FD-SW\target\appl\ffbl\src\ffbl_cs.c  259  Warning 640: Expected
    strong type 'bool_t' in Boolean context
           _
           return (E_FB_WRONG_MODE);
C:\snapshot\FD-SW\target\appl\ffbl\src\ffbl_cs.c  260  Note 960: Violates MISRA
    2004 Required Rule 14.9, left brace expected for if and else
                              _
      *((USIGN16 *)source) &= CS_STATUS_OPTS;  /* Delete all undefined bits */
C:\snapshot\FD-SW\target\appl\ffbl\src\ffbl_cs.c  262  Info 826: Suspicious
    pointer-to-pointer conversion (area too small)
        _
        return (E_FB_PARA_CHECK);
C:\snapshot\FD-SW\target\appl\ffbl\src\ffbl_cs.c  270  Note 960: Violates MISRA
    2004 Required Rule 14.9, left brace expected for if and else
                                                                                  _
      result = ffbl_check_unack_flag (&p_csfb->update_evt.unack, source, subindex);
C:\snapshot\FD-SW\target\appl\ffbl\src\ffbl_cs.c  277  Info 734: Loss of
    precision (assignment) (16 bits to 4 bits)
                                                                                 _
      result = ffbl_check_unack_flag (&p_csfb->block_alm.unack, source, subindex);
C:\snapshot\FD-SW\target\appl\ffbl\src\ffbl_cs.c  284  Info 734: Loss of
    precision (assignment) (16 bits to 4 bits)
  _
  }
C:\snapshot\FD-SW\target\appl\ffbl\src\ffbl_cs.c  288  Info 744: switch
    statement has no default [MISRA 2004 Rule 15.3]
                                                       _
    result = fbs_write_param (p_block_instance,p_write);
C:\snapshot\FD-SW\target\appl\ffbl\src\ffbl_cs.c  292  Info 734: Loss of
    precision (assignment) (16 bits to 4 bits)
                                      _
        if (p_csfb->mode_blk.target & MODE_OS)
C:\snapshot\FD-SW\target\appl\ffbl\src\ffbl_cs.c  305  Warning 640: Expected
    strong type 'bool_t' in Boolean context
                                           _
        else if (p_csfb->mode_blk.target & MODE_MAN)
C:\snapshot\FD-SW\target\appl\ffbl\src\ffbl_cs.c  312  Warning 640: Expected
    strong type 'bool_t' in Boolean context
        _
        if (write_loc.rel_idx)
C:\snapshot\FD-SW\target\appl\ffbl\src\ffbl_cs.c  317  Note 960: Violates MISRA
    2004 Required Rule 14.10, no 'else' at end of 'if ... else if' chain
C:\snapshot\FD-SW\target\appl\ffbl\src\ffbl_cs.c  317  Warning 640: Expected
    strong type 'bool_t' in Boolean context
                                                           _
          fbs_write_param_loc (p_block_instance,&write_loc);
C:\snapshot\FD-SW\target\appl\ffbl\src\ffbl_cs.c  325  Warning 534: Ignoring
    return value of function 'fbs_write_param_loc(struct _T_FBIF_BLOCK_INSTANCE
    *, T_FBS_WRITE_PARAM_LOCAL *)' of type 'unsigned short (struct
    _T_FBIF_BLOCK_INSTANCE *, T_FBS_WRITE_PARAM_LOCAL *)' (compare with line
    831, file ..\FD-SW\target\inc\ff\fbs_api.h, module C:\snapshot\FD-SW\target\appl\fdev\src\appl_alert.c)

..\FD-SW\target\inc\ff\fbs_api.h  831  Info 830: Location cited in prior
    message
                                                         _
        fbs_write_param_loc (p_block_instance,&write_loc);
C:\snapshot\FD-SW\target\appl\ffbl\src\ffbl_cs.c  344  Warning 534: Ignoring
    return value of function 'fbs_write_param_loc(struct _T_FBIF_BLOCK_INSTANCE
    *, T_FBS_WRITE_PARAM_LOCAL *)' of type 'unsigned short (struct
    _T_FBIF_BLOCK_INSTANCE *, T_FBS_WRITE_PARAM_LOCAL *)' (compare with line
    831, file ..\FD-SW\target\inc\ff\fbs_api.h, module C:\snapshot\FD-SW\target\appl\fdev\src\appl_alert.c)

..\FD-SW\target\inc\ff\fbs_api.h  831  Info 830: Location cited in prior
    message
    _
    }
C:\snapshot\FD-SW\target\appl\ffbl\src\ffbl_cs.c  368  Info 744: switch
    statement has no default [MISRA 2004 Rule 15.3]
_
{
C:\snapshot\FD-SW\target\appl\ffbl\src\ffbl_cs.c  389  Note 957: Function
    'Execute_CSFB(struct _T_FBIF_BLOCK_INSTANCE *)' of type 'unsigned short
    (struct _T_FBIF_BLOCK_INSTANCE *)' defined without a prototype in scope
    [MISRA 2004 Rule 8.1]
    _
    if (actual_mode == MODE_AUTO)
C:\snapshot\FD-SW\target\appl\ffbl\src\ffbl_cs.c  449  Warning 539: Did not
    expect positive indentation from line 438
C:\snapshot\FD-SW\target\appl\ffbl\src\ffbl_cs.c  438  Info 830: Location cited
    in prior message
        _
        }
C:\snapshot\FD-SW\target\appl\ffbl\src\ffbl_cs.c  481  Info 744: switch
    statement has no default [MISRA 2004 Rule 15.3]
    _
    p_csfb->bkcal_sel_1.value = p_csfb->bkcal_sel_2.value = p_csfb->bkcal_sel_3.value = p_csfb->out.value;
C:\snapshot\FD-SW\target\appl\ffbl\src\ffbl_cs.c  495  Note 960: Violates MISRA
    2004 Required Rule 14.10, no 'else' at end of 'if ... else if' chain
                                      _
        if (p_csfb->bkcal_in.status & SUB_NI)
C:\snapshot\FD-SW\target\appl\ffbl\src\ffbl_cs.c  500  Warning 640: Expected
    strong type 'bool_t' in Boolean context
                                           _
        else if (p_csfb->bkcal_in.status & SUB_IR)
C:\snapshot\FD-SW\target\appl\ffbl\src\ffbl_cs.c  506  Warning 640: Expected
    strong type 'bool_t' in Boolean context
    _
    }
C:\snapshot\FD-SW\target\appl\ffbl\src\ffbl_cs.c  512  Note 960: Violates MISRA
    2004 Required Rule 14.10, no 'else' at end of 'if ... else if' chain
  _
  ffbl_update_block_alarm
C:\snapshot\FD-SW\target\appl\ffbl\src\ffbl_cs.c  542  Note 960: Violates MISRA
    2004 Required Rule 14.10, no 'else' at end of 'if ... else if' chain
                       _
  if (enable_update_evt)
C:\snapshot\FD-SW\target\appl\ffbl\src\ffbl_cs.c  548  Warning 640: Expected
    strong type 'bool_t' in Boolean context
_
{
C:\snapshot\FD-SW\target\appl\ffbl\src\ffbl_cs.c  581  Note 957: Function
    'Background_CSFB(struct _T_FBIF_BLOCK_INSTANCE *)' of type 'void (struct
    _T_FBIF_BLOCK_INSTANCE *)' defined without a prototype in scope [MISRA 2004
    Rule 8.1]
                       _
  if (!p_csfb->sel_type)
C:\snapshot\FD-SW\target\appl\ffbl\src\ffbl_cs.c  617  Warning 640: Expected
    strong type 'bool_t' in Boolean context
    _
    }
C:\snapshot\FD-SW\target\appl\ffbl\src\ffbl_cs.c  676  Note 960: Violates MISRA
    2004 Required Rule 14.10, no 'else' at end of 'if ... else if' chain
_
}
C:\snapshot\FD-SW\target\appl\ffbl\src\ffbl_cs.c  679  Info 715: Symbol
    'p_csfb_data' of type 'T_CSFB_DATA *' (line 641) not referenced
C:\snapshot\FD-SW\target\appl\ffbl\src\ffbl_cs.c  641  Info 830: Location cited
    in prior message
_
}
C:\snapshot\FD-SW\target\appl\ffbl\src\ffbl_cs.c  679  Info 818: Pointer
    parameter 'p_csfb_data' of type 'T_CSFB_DATA *' (line 641) could be
    declared as pointing to const [MISRA 2004 Rule 16.7]
C:\snapshot\FD-SW\target\appl\ffbl\src\ffbl_cs.c  641  Info 830: Location cited
    in prior message
         _
    for (int j = count; j > 0; j--)
C:\snapshot\FD-SW\target\appl\ffbl\src\ffbl_cs.c  698  Note 970: Use of
    modifier or type 'int' outside of a typedef [MISRA 2004 Rule 6.3]
             _
        for (int i = 0; i < j; i++)
C:\snapshot\FD-SW\target\appl\ffbl\src\ffbl_cs.c  700  Note 970: Use of
    modifier or type 'int' outside of a typedef [MISRA 2004 Rule 6.3]

    --- Wrap-up for Module: C:\snapshot\FD-SW\target\appl\ffbl\src\ffbl_cs.c

Info 766: Header file '..\FD-SW\target\inc\ff\vfd.h' not used in module
    'C:\snapshot\FD-SW\target\appl\ffbl\src\ffbl_cs.c'
Info 766: Header file '..\FD-SW\base\appl\ffbl\inc\ffbl_res.h' not used in
    module 'C:\snapshot\FD-SW\target\appl\ffbl\src\ffbl_cs.c'

/// Start of Pass 2 ///

--- Module:   C:\snapshot\FD-SW\target\appl\fdev\src\appl_alert.c (C)

--- Module:   C:\snapshot\FD-SW\target\appl\fdev\src\app_mode.c (C)

--- Module:   C:\snapshot\FD-SW\target\appl\fdev\src\controller_pid.c (C)

--- Module:   C:\snapshot\FD-SW\target\appl\fdev\src\ctrl_param_set.c (C)

--- Module:   C:\snapshot\FD-SW\target\appl\fdev\src\eep_blk2.c (C)

--- Module:   C:\snapshot\FD-SW\target\appl\fdev\src\failed_state.c (C)

--- Module:   C:\snapshot\FD-SW\target\appl\fdev\src\histogram.c (C)

--- Module:   C:\snapshot\FD-SW\target\appl\fdev\src\lui_ipc_variables.c (C)

--- Module:   C:\snapshot\FD-SW\target\appl\fdev\src\mcu.c (C)

--- Module:   C:\snapshot\FD-SW\target\appl\fdev\src\mnassert_stub.c (C)

--- Module:   C:\snapshot\FD-SW\target\appl\fdev\src\mncharactff.c (C)

--- Module:   C:\snapshot\FD-SW\target\appl\fdev\src\mnctllimff.c (C)

--- Module:   C:\snapshot\FD-SW\target\appl\fdev\src\mndiagprocff.c (C)

--- Module:   C:\snapshot\FD-SW\target\appl\fdev\src\mndoswff.c (C)

--- Module:   C:\snapshot\FD-SW\target\appl\fdev\src\mnfaultsimport.c (C)

--- Module:   C:\snapshot\FD-SW\target\appl\fdev\src\mnfindstopsff.c (C)

--- Module:   C:\snapshot\FD-SW\target\appl\fdev\src\mnhart2ff.c (C)

--- Module:   C:\snapshot\FD-SW\target\appl\fdev\src\mnmanspff.c (C)

--- Module:   C:\snapshot\FD-SW\target\appl\fdev\src\mnptberrors.c (C)

--- Module:   C:\snapshot\FD-SW\target\appl\fdev\src\mnptbexec.c (C)

--- Module:   C:\snapshot\FD-SW\target\appl\fdev\src\mn_actuator_3.c (C)

--- Module:   C:\snapshot\FD-SW\target\appl\fdev\src\mn_clear_status.c (C)

--- Module:   C:\snapshot\FD-SW\target\appl\fdev\src\mn_cycle_counter_alert.c
    (C)

--- Module:   C:\snapshot\FD-SW\target\appl\fdev\src\mn_grant_deny.c (C)

--- Module:   C:\snapshot\FD-SW\target\appl\fdev\src\mn_near_closed_alert.c (C)

--- Module:   C:\snapshot\FD-SW\target\appl\fdev\src\mn_pressure_calibration.c
    (C)

--- Module:   C:\snapshot\FD-SW\target\appl\fdev\src\mn_travel_accumulation.c
    (C)

--- Module:   C:\snapshot\FD-SW\target\appl\fdev\src\mn_travel_units.c (C)

--- Module:   C:\snapshot\FD-SW\target\appl\fdev\src\mn_trends.c (C)

--- Module:   C:\snapshot\FD-SW\target\appl\fdev\src\mn_working_times.c (C)

--- Module:   C:\snapshot\FD-SW\target\appl\fdev\src\mn_working_time_alert.c
    (C)

--- Module:   C:\snapshot\FD-SW\target\appl\fdev\src\pressure_range.c (C)

--- Module:   C:\snapshot\FD-SW\target\appl\fdev\src\ui_language.c (C)

--- Module:   C:\snapshot\FD-SW\target\appl\ffbl\src\ffbl_cs.c (C)
                              _
      *((USIGN16 *)source) &= CS_STATUS_OPTS;  /* Delete all undefined bits */
C:\snapshot\FD-SW\target\appl\ffbl\src\ffbl_cs.c  262  Info 826: Suspicious
    pointer-to-pointer conversion (area too small)

--- Global Wrap-up

Warning 628: no argument information provided for function 'floorf()' of type
    'int ()' (line 300, file C:\snapshot\FD-SW\target\appl\fdev\src\lui_ipc_variables.c)
C:\snapshot\FD-SW\target\appl\fdev\src\lui_ipc_variables.c  300  Info 830:
    Location cited in prior message
Warning 628: no argument information provided for function 'log10f()' of type
    'int ()' (line 252, file C:\snapshot\FD-SW\target\appl\fdev\src\lui_ipc_variables.c)
C:\snapshot\FD-SW\target\appl\fdev\src\lui_ipc_variables.c  252  Info 830:
    Location cited in prior message

- bool_t

- ieee754_t

- attribmask_t

- ctlmode_t
Note 900: Successful completion, 135 messages produced
